<?xml version="1.0" encoding="UTF-8"?>
<!-- Generated by org.testng.reporters.JUnitReportReporter -->
<testsuite hostname="minddec497" failures="0" tests="3" name="com.mindtree.runner.Tc009_footer" time="5.464" errors="0" timestamp="2022-03-28T09:37:54 GMT+05:30" skipped="0">
  <testcase classname="com.mindtree.runner.Tc009_footer" name="setUp" time="0.004"/>
  <system-out/>
  <testcase classname="com.mindtree.runner.Tc009_footer" name="openNobroker" time="1.266"/>
  <system-out/>
  <testcase classname="com.mindtree.runner.Tc009_footer" name="foot" time="4.194"/>
  <system-out/>
</testsuite> <!-- com.mindtree.runner.Tc009_footer -->
