<?xml version="1.0" encoding="UTF-8"?>
<!-- Generated by org.testng.reporters.JUnitReportReporter -->
<testsuite hostname="minddec497" failures="0" tests="3" name="com.mindtree.runner.Tc006_menuBar" time="24.857" errors="0" timestamp="2022-03-28T09:37:54 GMT+05:30" skipped="0">
  <testcase classname="com.mindtree.runner.Tc006_menuBar" name="setUp" time="0.018"/>
  <system-out/>
  <testcase classname="com.mindtree.runner.Tc006_menuBar" name="openNobroker" time="1.867"/>
  <system-out/>
  <testcase classname="com.mindtree.runner.Tc006_menuBar" name="menubar" time="22.972"/>
  <system-out/>
</testsuite> <!-- com.mindtree.runner.Tc006_menuBar -->
