<?xml version="1.0" encoding="UTF-8"?>
<!-- Generated by org.testng.reporters.JUnitReportReporter -->
<testsuite hostname="minddec497" failures="0" tests="4" name="com.mindtree.runner.Tc001_Login_ToWebsite" time="23.363" errors="0" timestamp="2022-03-28T09:37:55 GMT+05:30" skipped="0">
  <testcase classname="com.mindtree.runner.Tc001_Login_ToWebsite" name="setUp" time="0.013"/>
  <system-out/>
  <testcase classname="com.mindtree.runner.Tc001_Login_ToWebsite" name="openNobroker" time="21.016"/>
  <system-out/>
  <testcase classname="com.mindtree.runner.Tc001_Login_ToWebsite" name="Login" time="0.167"/>
  <system-out/>
  <testcase classname="com.mindtree.runner.Tc001_Login_ToWebsite" name="enterDetails" time="2.167"/>
  <system-out/>
</testsuite> <!-- com.mindtree.runner.Tc001_Login_ToWebsite -->
