<?xml version="1.0" encoding="UTF-8"?>
<!-- Generated by org.testng.reporters.JUnitReportReporter -->
<testsuite hostname="minddec497" failures="0" tests="3" name="com.mindtree.runner.Tc005_propertyCount" time="13.571" errors="0" timestamp="2022-03-28T09:37:54 GMT+05:30" skipped="0">
  <testcase classname="com.mindtree.runner.Tc005_propertyCount" name="setUp" time="0.021"/>
  <system-out/>
  <testcase classname="com.mindtree.runner.Tc005_propertyCount" name="openNobroker" time="1.690"/>
  <system-out/>
  <testcase classname="com.mindtree.runner.Tc005_propertyCount" name="counting" time="11.860"/>
  <system-out/>
</testsuite> <!-- com.mindtree.runner.Tc005_propertyCount -->
