<?xml version="1.0" encoding="UTF-8"?>
<!-- Generated by org.testng.reporters.JUnitReportReporter -->
<testsuite hostname="minddec497" failures="0" tests="3" name="com.mindtree.runner.Tc004_EmiCalculator" time="22.029" errors="0" timestamp="2022-03-28T09:37:54 GMT+05:30" skipped="0">
  <testcase classname="com.mindtree.runner.Tc004_EmiCalculator" name="setUp" time="0.015"/>
  <system-out/>
  <testcase classname="com.mindtree.runner.Tc004_EmiCalculator" name="openNobroker" time="19.552"/>
  <system-out/>
  <testcase classname="com.mindtree.runner.Tc004_EmiCalculator" name="emicalci" time="2.462"/>
  <system-out/>
</testsuite> <!-- com.mindtree.runner.Tc004_EmiCalculator -->
