<?xml version="1.0" encoding="UTF-8"?>
<!-- Generated by org.testng.reporters.JUnitReportReporter -->
<testsuite hostname="minddec497" failures="0" tests="3" name="com.mindtree.runner.Tc007_ApartmentPrice" time="4.801" errors="0" timestamp="2022-03-28T09:37:54 GMT+05:30" skipped="0">
  <testcase classname="com.mindtree.runner.Tc007_ApartmentPrice" name="setUp" time="0.002"/>
  <system-out/>
  <testcase classname="com.mindtree.runner.Tc007_ApartmentPrice" name="openNobroker" time="1.840"/>
  <system-out/>
  <testcase classname="com.mindtree.runner.Tc007_ApartmentPrice" name="gprice" time="2.959"/>
  <system-out/>
</testsuite> <!-- com.mindtree.runner.Tc007_ApartmentPrice -->
