<?xml version="1.0" encoding="UTF-8"?>
<!-- Generated by org.testng.reporters.JUnitReportReporter -->
<testsuite hostname="minddec497" failures="0" tests="3" name="com.mindtree.runner.Tc003_getHotelAddress" time="12.239" errors="0" timestamp="2022-03-28T09:37:54 GMT+05:30" skipped="0">
  <testcase classname="com.mindtree.runner.Tc003_getHotelAddress" name="setUp" time="0.004"/>
  <system-out/>
  <testcase classname="com.mindtree.runner.Tc003_getHotelAddress" name="openNobroker" time="1.645"/>
  <system-out/>
  <testcase classname="com.mindtree.runner.Tc003_getHotelAddress" name="getaddress" time="10.590"/>
  <system-out/>
</testsuite> <!-- com.mindtree.runner.Tc003_getHotelAddress -->
